<?xml version="1.0" encoding="UTF-8"?>
<testsuites errors="0" failures="0" tests="6" name="./Day1_exe-Results.xml" time="0.002835">
  <testsuite errors="0" failures="0" tests="6" name="hash_table test suite" time="0.002833">
    <testcase classname=".hash_table test suite" name="CUnit Suite init" time="0.000000">
    </testcase>
    <testcase classname=".hash_table test suite" name="test_part1_example" time="0.000075">
    </testcase>
    <testcase classname=".hash_table test suite" name="test_part1" time="0.001229">
    </testcase>
    <testcase classname=".hash_table test suite" name="test_part2_example" time="0.000064">
    </testcase>
    <testcase classname=".hash_table test suite" name="test_part2" time="0.001439">
    </testcase>
    <testcase classname=".hash_table test suite" name="CUnit Suite cleanup" time="0.000001">
    </testcase>
  </testsuite>
</testsuites>
