<?xml version="1.0" encoding="UTF-8"?>
<testsuites errors="0" failures="0" tests="5" name="./Day10_exe-Results.xml" time="0.229557">
  <testsuite errors="0" failures="0" tests="5" name="hash_table test suite" time="0.229548">
    <testcase classname=".hash_table test suite" name="CUnit Suite init" time="0.000004">
    </testcase>
    <testcase classname=".hash_table test suite" name="test_part1_example" time="0.005789">
    </testcase>
    <testcase classname=".hash_table test suite" name="test_part1" time="0.216227">
    </testcase>
    <testcase classname=".hash_table test suite" name="test_part2_example" time="0.006167">
    </testcase>
    <testcase classname=".hash_table test suite" name="CUnit Suite cleanup" time="0.000003">
    </testcase>
  </testsuite>
</testsuites>
