<?xml version="1.0" encoding="UTF-8"?>
<testsuites errors="0" failures="0" tests="6" name="./Day8_exe-Results.xml" time="0.118791">
  <testsuite errors="0" failures="0" tests="6" name="hash_table test suite" time="0.118783">
    <testcase classname=".hash_table test suite" name="CUnit Suite init" time="0.000003">
    </testcase>
    <testcase classname=".hash_table test suite" name="test_part1_example" time="0.003126">
    </testcase>
    <testcase classname=".hash_table test suite" name="test_part1" time="0.049692">
    </testcase>
    <testcase classname=".hash_table test suite" name="test_part2_example" time="0.003301">
    </testcase>
    <testcase classname=".hash_table test suite" name="test_part2" time="0.061422">
    </testcase>
    <testcase classname=".hash_table test suite" name="CUnit Suite cleanup" time="0.000003">
    </testcase>
  </testsuite>
</testsuites>
