<?xml version="1.0" encoding="UTF-8"?>
<testsuites errors="0" failures="1" tests="3" name="./Day15_exe-Results.xml" time="157.642630">
  <testsuite errors="0" failures="1" tests="3" name="hash_table test suite" time="157.642619">
    <testcase classname=".hash_table test suite" name="CUnit Suite init" time="0.000003">
    </testcase>
    <testcase classname=".hash_table test suite" name="test_part1_example" time="157.641153">
      <failure>File: /home/irongiant/AdventOfCode/2021/Day15/tests/day15_test.c
Line: 10
Assertion Failed:
Condition: 'CU_ASSERT_EQUAL(test_part1,40)'

</failure>
    </testcase>
    <testcase classname=".hash_table test suite" name="CUnit Suite cleanup" time="0.000006">
    </testcase>
  </testsuite>
</testsuites>
